2025-01-09 16:12:34,528 - main - ERROR - Artist with ID 1 not found.
2025-01-09 16:12:34,529 - main - ERROR - Error fetching artist: Исполнитель не найден. Artist ID: 1
2025-01-09 16:12:34,529 - main - INFO - Request GET /artist/1 completed with status 404
2025-01-09 16:12:37,281 - main - INFO - Artist string with ID 2 created.
2025-01-09 16:12:37,281 - main - INFO - Request POST /artist completed with status 201
2025-01-09 16:12:39,582 - main - INFO - Fetching all artists.
2025-01-09 16:12:39,583 - main - INFO - Request GET /artist completed with status 200
2025-01-09 16:12:40,132 - main - INFO - Fetching all artists.
2025-01-09 16:12:40,133 - main - INFO - Request GET /artist completed with status 200
2025-01-09 16:12:40,666 - main - INFO - Fetching all artists.
2025-01-09 16:12:40,668 - main - INFO - Request GET /artist completed with status 200
2025-01-09 16:12:42,831 - main - INFO - Request GET /metrics completed with status 200
2025-01-09 16:12:51,333 - main - INFO - Artist string with ID 3 created.
2025-01-09 16:12:51,334 - main - INFO - Request POST /artist completed with status 201
2025-01-09 16:12:54,416 - main - INFO - Artist string with ID 4 created.
2025-01-09 16:12:54,417 - main - INFO - Request POST /artist completed with status 201
2025-01-09 16:12:55,884 - main - INFO - Artist string with ID 5 created.
2025-01-09 16:12:55,885 - main - INFO - Request POST /artist completed with status 201
2025-01-09 16:12:56,471 - main - ERROR - Attempt to create duplicate artist with ID 5.
2025-01-09 16:12:56,472 - main - ERROR - Error adding artist: Исполнитель с таким ID уже существует.. Input: {'id': 5, 'name': 'string', 'genre': 'string', 'albums': []}
2025-01-09 16:12:56,472 - main - INFO - Request POST /artist completed with status 400
2025-01-09 16:13:02,022 - main - INFO - Artist with ID 2 fetched.
2025-01-09 16:13:02,022 - main - INFO - Request GET /artist/2 completed with status 200
2025-01-09 16:16:24,793 - main - INFO - Artist with ID 2 fetched.
2025-01-09 16:16:24,794 - main - INFO - Request GET /artist/2 completed with status 200
2025-01-09 16:16:26,766 - main - INFO - Artist with ID 2 fetched.
2025-01-09 16:16:26,767 - main - INFO - Request GET /artist/2 completed with status 200
2025-01-09 16:16:29,365 - main - INFO - Artist with ID 3 fetched.
2025-01-09 16:16:29,366 - main - INFO - Request GET /artist/3 completed with status 200
2025-01-09 16:16:30,801 - main - INFO - Artist with ID 3 fetched.
2025-01-09 16:16:30,802 - main - INFO - Request GET /artist/3 completed with status 200
2025-01-09 16:16:33,645 - main - INFO - Artist with ID 4 fetched.
2025-01-09 16:16:33,646 - main - INFO - Request GET /artist/4 completed with status 200
2025-01-09 16:19:28,558 - main - INFO - Request GET /docs completed with status 200
2025-01-09 16:19:28,651 - main - INFO - Request GET /openapi.json completed with status 200
2025-01-09 16:19:34,799 - main - ERROR - Album with ID 0 not found for track string.
2025-01-09 16:19:34,800 - main - ERROR - Error adding track: Альбом не найден. Input: {'id': 0, 'title': 'string', 'duration': 'string', 'album_id': 0}
2025-01-09 16:19:34,800 - main - INFO - Request POST /track completed with status 404
2025-01-09 16:19:35,922 - main - ERROR - Album with ID 0 not found for track string.
2025-01-09 16:19:35,923 - main - ERROR - Error adding track: Альбом не найден. Input: {'id': 0, 'title': 'string', 'duration': 'string', 'album_id': 0}
2025-01-09 16:19:35,923 - main - INFO - Request POST /track completed with status 404
2025-01-09 16:19:45,591 - main - ERROR - Artist with ID 0 not found for album string.
2025-01-09 16:19:45,591 - main - ERROR - Error adding album: Исполнитель не найден. Input: {'id': 0, 'title': 'string', 'releaseDate': datetime.date(2025, 1, 9), 'artist_id': 0, 'tracks': []}
2025-01-09 16:19:45,592 - main - INFO - Request POST /album completed with status 404
2025-01-09 16:19:46,428 - main - ERROR - Artist with ID 0 not found for album string.
2025-01-09 16:19:46,429 - main - ERROR - Error adding album: Исполнитель не найден. Input: {'id': 0, 'title': 'string', 'releaseDate': datetime.date(2025, 1, 9), 'artist_id': 0, 'tracks': []}
2025-01-09 16:19:46,430 - main - INFO - Request POST /album completed with status 404
2025-01-09 16:19:55,208 - main - INFO - Artist string with ID 0 created.
2025-01-09 16:19:55,209 - main - INFO - Request POST /artist completed with status 201
2025-01-09 16:19:58,097 - main - ERROR - Attempt to create duplicate artist with ID 0.
2025-01-09 16:19:58,097 - main - ERROR - Error adding artist: Исполнитель с таким ID уже существует.. Input: {'id': 0, 'name': 'string', 'genre': 'string', 'albums': []}
2025-01-09 16:19:58,098 - main - INFO - Request POST /artist completed with status 400
2025-01-09 16:20:03,100 - main - INFO - Album string created by artist string.
2025-01-09 16:20:03,101 - main - INFO - Request POST /album completed with status 201
2025-01-09 16:20:08,637 - main - INFO - Track string created for album string.
2025-01-09 16:20:08,638 - main - INFO - Request POST /track completed with status 201
2025-01-09 21:41:40,280 - main - INFO - Request GET / completed with status 404
2025-01-09 21:41:41,353 - main - INFO - Request GET /favicon.ico completed with status 404
2025-01-09 21:42:44,173 - main - INFO - Request GET /favicon.ico completed with status 404
2025-01-09 21:57:27,571 - main - INFO - Request GET / completed with status 404
2025-01-09 21:57:27,892 - main - INFO - Request GET /docs completed with status 200
2025-01-09 21:57:28,023 - main - INFO - Request GET /openapi.json completed with status 200
2025-01-09 21:57:33,159 - main - INFO - Artist string with ID 0 created.
2025-01-09 21:57:33,162 - main - INFO - Request POST /artist completed with status 201
2025-01-09 21:57:33,685 - main - ERROR - Attempt to create duplicate artist with ID 0.
2025-01-09 21:57:34,419 - main - ERROR - Attempt to create duplicate artist with ID 0.
2025-01-09 21:57:34,682 - main - ERROR - Attempt to create duplicate artist with ID 0.
2025-01-09 21:57:37,418 - main - INFO - Artist string with ID 1 created.
2025-01-09 21:57:37,419 - main - INFO - Request POST /artist completed with status 201
2025-01-09 21:57:39,130 - main - INFO - Artist string with ID 2 created.
2025-01-09 21:57:39,131 - main - INFO - Request POST /artist completed with status 201
2025-01-09 22:40:26,348 - main - INFO - Artist string with ID 0 created.
2025-01-09 22:40:26,350 - main - INFO - Request POST /artist completed with status 201
2025-01-09 22:40:27,909 - main - ERROR - Attempt to create duplicate artist with ID 0.
2025-01-09 22:40:28,093 - main - ERROR - Attempt to create duplicate artist with ID 0.
2025-01-09 22:40:28,563 - main - ERROR - Attempt to create duplicate artist with ID 0.
2025-01-09 22:40:28,824 - main - ERROR - Attempt to create duplicate artist with ID 0.
2025-01-09 22:40:38,308 - main - INFO - Album string created by artist string.
2025-01-09 22:40:38,310 - main - INFO - Request POST /album completed with status 201
2025-01-09 22:40:39,595 - main - INFO - Album string created by artist string.
2025-01-09 22:40:39,597 - main - INFO - Request POST /album completed with status 201
2025-01-09 22:40:39,765 - main - INFO - Album string created by artist string.
2025-01-09 22:40:39,766 - main - INFO - Request POST /album completed with status 201
2025-01-09 22:40:42,062 - main - INFO - Album string created by artist string.
2025-01-09 22:40:42,063 - main - INFO - Request POST /album completed with status 201
2025-01-09 22:40:42,234 - main - INFO - Album string created by artist string.
2025-01-09 22:40:42,238 - main - INFO - Request POST /album completed with status 201
2025-01-09 22:40:42,412 - main - INFO - Album string created by artist string.
2025-01-09 22:40:42,413 - main - INFO - Request POST /album completed with status 201
2025-01-09 22:40:42,562 - main - INFO - Album string created by artist string.
2025-01-09 22:40:42,563 - main - INFO - Request POST /album completed with status 201
2025-01-09 22:59:22,893 - main - ERROR - Artist with ID 0 not found for album string.
2025-01-09 22:59:23,577 - main - ERROR - Artist with ID 0 not found for album string.
2025-01-09 22:59:26,565 - main - INFO - Artist string with ID 0 created.
2025-01-09 22:59:26,566 - main - INFO - Request POST /artist completed with status 201
